<?xml version="1.0" encoding="UTF-8"?>
<!-- Generated by org.testng.reporters.JUnitReportReporter -->
<testsuite hostname="bara" name="Runners.Testy" tests="1" failures="0" timestamp="5 Sep 2017 16:44:57 GMT" time="11.867" errors="0">
  <testcase name="testEasy" time="11.867" classname="Runners.Testy"/>
</testsuite> <!-- Runners.Testy -->
